<?xml version="1.0" encoding="UTF-8"?>
<testsuite name="test.java.EvklidTest" tests="8" skipped="0" failures="0" errors="0" timestamp="2018-07-11T08:33:15" hostname="Computer" time="0.187">
  <properties/>
  <testcase name="stressTestOne()" classname="test.java.EvklidTest" time="0.01"/>
  <testcase name="stressTestTwo()" classname="test.java.EvklidTest" time="0.004"/>
  <testcase name="simpleTest()" classname="test.java.EvklidTest" time="0.003"/>
  <testcase name="testNod()" classname="test.java.EvklidTest" time="0.001"/>
  <testcase name="teststressTestThree()" classname="test.java.EvklidTest" time="0.159"/>
  <testcase name="randomTest()" classname="test.java.EvklidTest" time="0.001"/>
  <testcase name="testSimple()" classname="test.java.EvklidTest" time="0.0"/>
  <testcase name="negTest()" classname="test.java.EvklidTest" time="0.001"/>
  <system-out><![CDATA[]]></system-out>
  <system-err><![CDATA[]]></system-err>
</testsuite>
